app/seeds.txt
com.imran.tvmaze.core.db.RoomService_Impl
com.imran.tvmaze.core.base.model.Self
com.imran.tvmaze.core.network.ApiService
com.imran.tvmaze.core.base.model.Country
com.imran.tvmaze.browse.presentation.utils.WrapContentLinearLayoutManager
com.imran.tvmaze.core.base.model.CountryX
com.imran.tvmaze.core.base.model.Rating
com.imran.tvmaze.browse.presentation.ui.Hilt_BrowseFragment
com.imran.tvmaze.browse.data.model.SearchResponse
com.imran.tvmaze.MainActivity
com.imran.tvmaze.core.base.model.Externals
com.imran.tvmaze.core.base.model.ErrorResponse
com.imran.tvmaze.core.base.model.Show
com.imran.tvmaze.info.presentation.ui.InfoFragment
com.imran.tvmaze.browse.data.model.BrowseResponse
com.imran.tvmaze.core.base.model.Episode
com.imran.tvmaze.app.TVMazeApp
com.imran.tvmaze.core.base.model.Nextepisode
com.imran.tvmaze.core.base.model.Previousepisode
com.imran.tvmaze.DataBinderMapperImpl
com.imran.tvmaze.dashboard.presentation.ui.DashboardFragment
com.imran.tvmaze.core.base.model.Schedule
com.imran.tvmaze.browse.presentation.viewmodel.BrowseViewModel
com.imran.tvmaze.core.base.model.Network
com.imran.tvmaze.core.base.model.Core
com.imran.tvmaze.core.base.model.Image
com.imran.tvmaze.browse.presentation.ui.BrowseFragment
com.imran.tvmaze.core.base.BaseFragment
com.imran.tvmaze.core.db.data.source.RoomService
com.imran.tvmaze.core.base.model.WebChannel
com.imran.tvmaze.core.base.model.Links
com.imran.tvmaze.core.base.model.Network: com.imran.tvmaze.core.base.model.Country country
com.imran.tvmaze.core.base.model.Network: java.lang.String name
com.imran.tvmaze.core.base.model.Show: java.lang.Integer weight
com.imran.tvmaze.core.base.model.Show: com.imran.tvmaze.core.base.model.Externals externals
com.imran.tvmaze.core.base.model.Links: com.imran.tvmaze.core.base.model.Self self
com.imran.tvmaze.core.base.model.Show: java.lang.String type
com.imran.tvmaze.core.base.model.Show: java.lang.String ended
com.imran.tvmaze.core.base.model.Episode: java.lang.Integer runtime
com.imran.tvmaze.core.base.model.Episode: java.lang.Float score
com.imran.tvmaze.core.base.model.Schedule: java.util.List days
com.imran.tvmaze.core.base.model.Episode: java.lang.String airdate
com.imran.tvmaze.core.base.model.Episode: java.lang.String summary
com.imran.tvmaze.core.base.model.Nextepisode: java.lang.String href
com.imran.tvmaze.core.base.model.Show: int id
com.imran.tvmaze.core.base.model.Episode: com.imran.tvmaze.core.base.model.Rating rating
com.imran.tvmaze.core.base.model.Image: java.lang.String medium
com.imran.tvmaze.core.base.model.Previousepisode: java.lang.String href
com.imran.tvmaze.core.base.model.ErrorResponse: java.lang.String message
com.imran.tvmaze.core.base.model.ErrorResponse: int status
com.imran.tvmaze.core.base.model.Show: java.lang.String summary
com.imran.tvmaze.core.base.model.Episode: com.imran.tvmaze.core.base.model.Show show
com.imran.tvmaze.core.base.model.Episode: java.lang.String name
com.imran.tvmaze.core.base.model.Show: com.imran.tvmaze.core.base.model.Network network
com.imran.tvmaze.core.base.model.Show: java.lang.String language
com.imran.tvmaze.core.base.model.Show: com.imran.tvmaze.core.base.model.Links _links
com.imran.tvmaze.core.base.model.Show: java.lang.String url
com.imran.tvmaze.core.base.model.Schedule: java.lang.String time
com.imran.tvmaze.core.base.model.Show: java.lang.String name
com.imran.tvmaze.core.base.model.Show: java.lang.Integer updated
com.imran.tvmaze.core.base.model.Externals: java.lang.String imdb
com.imran.tvmaze.core.base.model.Episode: java.lang.String url
com.imran.tvmaze.core.base.model.Episode: int id
com.imran.tvmaze.core.base.model.Rating: java.lang.Double average
com.imran.tvmaze.core.base.model.Show: com.imran.tvmaze.core.base.model.Schedule schedule
com.imran.tvmaze.core.base.model.WebChannel: java.lang.Integer id
com.imran.tvmaze.core.base.model.Show: com.imran.tvmaze.core.base.model.Rating rating
com.imran.tvmaze.core.base.model.Episode: com.imran.tvmaze.core.base.model.Links _links
...
com.google.android.material.navigation.NavigationBarView: int getItemPaddingTop()
androidx.core.graphics.drawable.IconCompatParcelizer: void write(androidx.core.graphics.drawable.IconCompat,androidx.versionedparcelable.VersionedParcel)
androidx.core.content.ContextCompat$Api23Impl: java.lang.Object getSystemService(android.content.Context,java.lang.Class)
com.google.android.material.textfield.TextInputLayout: android.graphics.drawable.Drawable getEndIconDrawable()
com.google.android.material.textfield.TextInputLayout: void setHintTextColor(android.content.res.ColorStateList)
com.google.android.material.chip.Chip: void setCloseIconSize(float)
androidx.core.view.ViewCompat$Api23Impl: androidx.core.view.WindowInsetsCompat getRootWindowInsets(android.view.View)
com.google.android.material.navigation.NavigationBarItemView: void setItemBackground(android.graphics.drawable.Drawable)
com.google.android.material.chip.Chip: void setCheckableResource(int)
com.google.android.material.textfield.TextInputLayout: void setCounterMaxLength(int)
androidx.constraintlayout.core.widgets.analyzer.DependencyNode$Type: androidx.constraintlayout.core.widgets.analyzer.DependencyNode$Type[] values()
com.google.android.material.textfield.TextInputLayout: android.content.res.ColorStateList getCounterOverflowTextColor()
com.google.android.material.textfield.TextInputLayout: android.content.res.ColorStateList getDefaultHintTextColor()
androidx.appcompat.widget.Toolbar: void setNavigationOnClickListener(android.view.View$OnClickListener)
androidx.appcompat.widget.AbsActionBarView: AbsActionBarView(android.content.Context,android.util.AttributeSet)
com.google.android.material.navigation.NavigationBarMenuView: int getLabelVisibilityMode()
androidx.lifecycle.EmptyActivityLifecycleCallbacks: void onActivityPaused(android.app.Activity)
androidx.constraintlayout.widget.Barrier: int getType()
com.google.android.material.navigation.NavigationBarMenuView: void setItemPaddingTop(int)
androidx.vectordrawable.graphics.drawable.VectorDrawableCompat$VGroup: void setPivotX(float)
com.google.android.material.bottomappbar.BottomAppBar: void setFabAlignmentMode(int)
androidx.recyclerview.widget.RecyclerView: void setLayoutTransition(android.animation.LayoutTransition)
androidx.core.view.WindowInsetsCompat$Impl20: void loadReflectionField()
androidx.constraintlayout.motion.widget.MotionLayout: void setTransitionDuration(int)
androidx.lifecycle.ReportFragment$LifecycleCallbacks: void onActivityPrePaused(android.app.Activity)
com.google.android.material.card.MaterialCardView: void setBackground(android.graphics.drawable.Drawable)
com.google.android.material.internal.BaselineLayout: BaselineLayout(android.content.Context,android.util.AttributeSet)
androidx.coordinatorlayout.widget.CoordinatorLayout: android.graphics.drawable.Drawable getStatusBarBackground()
com.google.android.material.bottomappbar.BottomAppBar: boolean getHideOnScroll()
androidx.core.view.ViewCompat$Api26Impl: void setKeyboardNavigationCluster(android.view.View,boolean)
androidx.swiperefreshlayout.widget.SwipeRefreshLayout: void setSize(int)
androidx.appcompat.widget.AppCompatCheckedTextView: void setBackgroundResource(int)
com.google.android.material.chip.Chip: android.content.res.ColorStateList getCloseIconTint()
androidx.appcompat.widget.Toolbar: int getCurrentContentInsetStart()
com.google.android.material.card.MaterialCardView: void setOnCheckedChangeListener(com.google.android.material.card.MaterialCardView$OnCheckedChangeListener)
androidx.core.widget.PopupWindowCompat$Api23Impl: boolean getOverlapAnchor(android.widget.PopupWindow)
androidx.core.view.WindowInsetsCompat$BuilderImpl20: WindowInsetsCompat$BuilderImpl20()
androidx.appcompat.view.menu.ListMenuItemView: void setChecked(boolean)
androidx.appcompat.widget.AppCompatRadioButton: void setFilters(android.text.InputFilter[])
com.google.android.material.chip.Chip: float getIconStartPadding()