app/unused.txt
com.imran.tvmaze.BR
com.imran.tvmaze.BuildConfig
com.imran.tvmaze.DataBinderMapperImpl$InnerBrLookup
com.imran.tvmaze.DataBinderMapperImpl$InnerLayoutIdLookup
com.imran.tvmaze.DataBinderMapperImpl:
    private static final int LAYOUT_ACTIVITYMAIN
    private static final int LAYOUT_FRAGMENTBROWSE
    private static final int LAYOUT_FRAGMENTINFO
    private static final int LAYOUT_RVITEMBROWSE
    private static final int LAYOUT_RVITEMEMPTY
    private static final int LAYOUT_RVITEMINFINITELOADER
    private static final int LAYOUT_RVITEMLOADING
    public java.lang.String convertBrIdToString(int)
    public int getLayoutId(java.lang.String)
com.imran.tvmaze.DataBindingTriggerClass
com.imran.tvmaze.Hilt_MainActivity:
    void <init>(int)
    public synthetic bridge dagger.hilt.internal.GeneratedComponentManager componentManager()
    public androidx.lifecycle.ViewModelProvider$Factory getDefaultViewModelProviderFactory()
com.imran.tvmaze.MainActivity:
    public void _$_clearFindViewByIdCache()
    public android.view.View _$_findCachedViewById(int)
com.imran.tvmaze.R$anim
com.imran.tvmaze.R$animator
com.imran.tvmaze.R$array
com.imran.tvmaze.R$attr
com.imran.tvmaze.R$bool
com.imran.tvmaze.R$color
com.imran.tvmaze.R$dimen
com.imran.tvmaze.R$drawable
com.imran.tvmaze.R$font
com.imran.tvmaze.R$id
com.imran.tvmaze.R$integer
com.imran.tvmaze.R$interpolator
com.imran.tvmaze.R$layout
com.imran.tvmaze.R$menu
com.imran.tvmaze.R$mipmap
com.imran.tvmaze.R$navigation
com.imran.tvmaze.R$plurals
com.imran.tvmaze.R$string
com.imran.tvmaze.R$style
com.imran.tvmaze.R$styleable
com.imran.tvmaze.R$xml
com.imran.tvmaze.R
com.imran.tvmaze.app.DaggerTVMazeApp_HiltComponents_SingletonC$ActivityRetainedCImpl$ActivityCImpl$FragmentCImpl$ViewWithFragmentCBuilder
com.imran.tvmaze.app.DaggerTVMazeApp_HiltComponents_SingletonC$ActivityRetainedCImpl$ActivityCImpl$FragmentCImpl$ViewWithFragmentCImpl
com.imran.tvmaze.app.DaggerTVMazeApp_HiltComponents_SingletonC$ActivityRetainedCImpl$ActivityCImpl$FragmentCImpl:
    private java.util.Set defaultFragmentViewModelFactorySetOfViewModelProviderFactory()
    public dagger.hilt.android.internal.lifecycle.DefaultViewModelFactories$InternalFactoryFactory getHiltInternalFactoryFactory()
    private androidx.lifecycle.ViewModelProvider$Factory provideFactory()
    public dagger.hilt.android.internal.builders.ViewWithFragmentComponentBuilder viewWithFragmentComponentBuilder()
com.imran.tvmaze.app.DaggerTVMazeApp_HiltComponents_SingletonC$ActivityRetainedCImpl$ActivityCImpl$ViewCBuilder
com.imran.tvmaze.app.DaggerTVMazeApp_HiltComponents_SingletonC$ActivityRetainedCImpl$ActivityCImpl$ViewCImpl
com.imran.tvmaze.app.DaggerTVMazeApp_HiltComponents_SingletonC$ActivityRetainedCImpl$ActivityCImpl:
    static synthetic java.util.Set access$1300(com.imran.tvmaze.app.DaggerTVMazeApp_HiltComponents_SingletonC$ActivityRetainedCImpl$ActivityCImpl)
    private java.util.Set defaultActivityViewModelFactorySetOfViewModelProviderFactory()
    public dagger.hilt.android.internal.lifecycle.DefaultViewModelFactories$InternalFactoryFactory getHiltInternalFactoryFactory()
    private androidx.lifecycle.ViewModelProvider$Factory provideFactory()
    public dagger.hilt.android.internal.builders.ViewComponentBuilder viewComponentBuilder()
com.imran.tvmaze.app.DaggerTVMazeApp_HiltComponents_SingletonC$ActivityRetainedCImpl$ViewModelCBuilder
com.imran.tvmaze.app.DaggerTVMazeApp_HiltComponents_SingletonC$ActivityRetainedCImpl$ViewModelCImpl
com.imran.tvmaze.app.DaggerTVMazeApp_HiltComponents_SingletonC$Builder:
    public com.imran.tvmaze.app.DaggerTVMazeApp_HiltComponents_SingletonC$Builder appModule(com.imran.tvmaze.core.di.AppModule)
com.imran.tvmaze.app.DaggerTVMazeApp_HiltComponents_SingletonC$ServiceCBuilder
com.imran.tvmaze.app.DaggerTVMazeApp_HiltComponents_SingletonC$ServiceCImpl
...
kotlinx.coroutines.flow.FlowKt__BuildersKt$asFlow$$inlined$unsafeFlow$7
kotlinx.coroutines.flow.FlowKt__BuildersKt$asFlow$$inlined$unsafeFlow$8$1
kotlinx.coroutines.flow.FlowKt__BuildersKt$asFlow$$inlined$unsafeFlow$8
kotlinx.coroutines.flow.FlowKt__BuildersKt$asFlow$$inlined$unsafeFlow$9$1
kotlinx.coroutines.flow.FlowKt__BuildersKt$asFlow$$inlined$unsafeFlow$9
kotlinx.coroutines.flow.FlowKt__BuildersKt$flowOf$$inlined$unsafeFlow$1$1
kotlinx.coroutines.flow.FlowKt__BuildersKt$flowOf$$inlined$unsafeFlow$1
kotlinx.coroutines.flow.FlowKt__BuildersKt$flowOf$$inlined$unsafeFlow$2
kotlinx.coroutines.flow.FlowKt__BuildersKt:
    public static final kotlinx.coroutines.flow.Flow asFlow(java.lang.Iterable)
    public static final kotlinx.coroutines.flow.Flow asFlow(java.util.Iterator)
    public static final kotlinx.coroutines.flow.Flow asFlow(kotlin.jvm.functions.Function0)
    public static final kotlinx.coroutines.flow.Flow asFlow(kotlin.jvm.functions.Function1)
    public static final kotlinx.coroutines.flow.Flow asFlow(kotlin.ranges.IntRange)
    public static final kotlinx.coroutines.flow.Flow asFlow(kotlin.ranges.LongRange)
    public static final kotlinx.coroutines.flow.Flow asFlow(kotlin.sequences.Sequence)
    public static final kotlinx.coroutines.flow.Flow asFlow(int[])
    public static final kotlinx.coroutines.flow.Flow asFlow(long[])
    public static final kotlinx.coroutines.flow.Flow asFlow(java.lang.Object[])
    public static final kotlinx.coroutines.flow.Flow callbackFlow(kotlin.jvm.functions.Function2)
    public static final kotlinx.coroutines.flow.Flow channelFlow(kotlin.jvm.functions.Function2)
    public static final kotlinx.coroutines.flow.Flow emptyFlow()
    public static final kotlinx.coroutines.flow.Flow flowOf(java.lang.Object)
    public static final varargs kotlinx.coroutines.flow.Flow flowOf(java.lang.Object[])
kotlinx.coroutines.flow.FlowKt__ChannelsKt$asFlow$$inlined$unsafeFlow$1
kotlinx.coroutines.flow.FlowKt__ChannelsKt:
    public static final kotlinx.coroutines.flow.Flow asFlow(kotlinx.coroutines.channels.BroadcastChannel)
    public static final kotlinx.coroutines.flow.Flow consumeAsFlow(kotlinx.coroutines.channels.ReceiveChannel)
    public static final kotlinx.coroutines.channels.ReceiveChannel produceIn(kotlinx.coroutines.flow.Flow,kotlinx.coroutines.CoroutineScope)
    public static final kotlinx.coroutines.flow.Flow receiveAsFlow(kotlinx.coroutines.channels.ReceiveChannel)
kotlinx.coroutines.flow.FlowKt__CollectKt$collect$3$emit$1
kotlinx.coroutines.flow.FlowKt__CollectKt$collect$3
kotlinx.coroutines.flow.FlowKt__CollectKt$collectIndexed$2$emit$1
kotlinx.coroutines.flow.FlowKt__CollectKt$collectIndexed$2
kotlinx.coroutines.flow.FlowKt__CollectKt$launchIn$1
kotlinx.coroutines.flow.FlowKt__CollectKt
kotlinx.coroutines.flow.FlowKt__CollectionKt:
    public static final java.lang.Object toSet(kotlinx.coroutines.flow.Flow,java.util.Set,kotlin.coroutines.Continuation)
    public static synthetic java.lang.Object toSet$default(kotlinx.coroutines.flow.Flow,java.util.Set,kotlin.coroutines.Continuation,int,java.lang.Object)
kotlinx.coroutines.flow.FlowKt__ContextKt:
    public static final synthetic kotlinx.coroutines.flow.Flow buffer(kotlinx.coroutines.flow.Flow,int)
    public static final kotlinx.coroutines.flow.Flow buffer(kotlinx.coroutines.flow.Flow,int,kotlinx.coroutines.channels.BufferOverflow)
    public static synthetic kotlinx.coroutines.flow.Flow buffer$default(kotlinx.coroutines.flow.Flow,int,int,java.lang.Object)
    public static synthetic kotlinx.coroutines.flow.Flow buffer$default(kotlinx.coroutines.flow.Flow,int,kotlinx.coroutines.channels.BufferOverflow,int,java.lang.Object)
    public static final kotlinx.coroutines.flow.Flow cancellable(kotlinx.coroutines.flow.Flow)
    public static final kotlinx.coroutines.flow.Flow conflate(kotlinx.coroutines.flow.Flow)
kotlinx.coroutines.flow.FlowKt__CountKt$count$1
kotlinx.coroutines.flow.FlowKt__CountKt$count$2